<?xml version="1.0" encoding="UTF-8"?>
<!-- Generated by org.testng.reporters.JUnitReportReporter -->
<testsuite skipped="0" hostname="HIBAIL56180" name="generics.TestSearchButton" tests="1" failures="0" timestamp="01 Apr 2017 11:56:24 GMT" time="17.287" errors="0">
  <testcase name="testSearchButton" time="17.287" classname="generics.TestSearchButton"/>
</testsuite> <!-- generics.TestSearchButton -->
