<?xml version="1.0" encoding="UTF-8"?>
<!-- Generated by org.testng.reporters.JUnitReportReporter -->
<testsuite skipped="0" hostname="HIBAIL56180" name="com.hrm.scripts.LoginLogoutTest" tests="2" failures="0" timestamp="09 Apr 2017 06:44:50 GMT" time="18.603" errors="0">
  <testcase name="testAutoLoginLogout1" time="7.626" classname="com.hrm.scripts.LoginLogoutTest"/>
  <testcase name="testAutoLoginLogout1" time="10.977" classname="com.hrm.scripts.LoginLogoutTest"/>
</testsuite> <!-- com.hrm.scripts.LoginLogoutTest -->
