<?xml version="1.0" encoding="UTF-8"?>
<!-- Generated by org.testng.reporters.JUnitReportReporter -->
<testsuite skipped="0" hostname="HIBAIL56180" name="com.hrm.scripts.TestUserRoleListBox" tests="1" failures="0" timestamp="09 Apr 2017 11:42:08 GMT" time="7.457" errors="0">
  <testcase name="testUserRoleListBox" time="7.457" classname="com.hrm.scripts.TestUserRoleListBox"/>
</testsuite> <!-- com.hrm.scripts.TestUserRoleListBox -->
