<?xml version="1.0" encoding="UTF-8"?>
<!-- Generated by org.testng.reporters.JUnitReportReporter -->
<testsuite skipped="0" hostname="HIBAIL56180" name="com.hrm.scripts.TestSearchButton" tests="1" failures="0" timestamp="09 Apr 2017 07:16:57 GMT" time="11.288" errors="0">
  <testcase name="testSearchButton" time="11.288" classname="com.hrm.scripts.TestSearchButton"/>
</testsuite> <!-- com.hrm.scripts.TestSearchButton -->
