<?xml version="1.0" encoding="UTF-8"?>
<!-- Generated by org.testng.reporters.JUnitReportReporter -->
<testsuite skipped="0" hostname="HIBAIL56180" name="com.hrm.scripts.LoginButtonCheck" tests="2" failures="0" timestamp="09 Apr 2017 06:44:50 GMT" time="6.178" errors="0">
  <testcase name="testLoginButtonIsPresent" time="3.407" classname="com.hrm.scripts.LoginButtonCheck"/>
  <testcase name="testLoginButtonIsPresent" time="2.771" classname="com.hrm.scripts.LoginButtonCheck"/>
</testsuite> <!-- com.hrm.scripts.LoginButtonCheck -->
