<?xml version="1.0" encoding="UTF-8"?>
<!-- Generated by org.testng.reporters.JUnitReportReporter -->
<testsuite skipped="0" hostname="HIBAIL56180" name="com.hrm.scripts.TestJobTitle" tests="1" failures="0" timestamp="09 Apr 2017 11:01:59 GMT" time="46.911" errors="0">
  <testcase name="testJobTitle" time="46.911" classname="com.hrm.scripts.TestJobTitle"/>
</testsuite> <!-- com.hrm.scripts.TestJobTitle -->
